2018-11-12 00:09:18.659  INFO 13924 --- [restartedMain] c.z.d.exceltools.ExceltoolsApplication   : Starting ExceltoolsApplication on DESKTOP-OF720BJ with PID 13924 (D:\devProject\exceltools\target\classes started by zekun007 in D:\workspace\workspace)
2018-11-12 00:09:18.881  INFO 13924 --- [restartedMain] c.z.d.exceltools.ExceltoolsApplication   : No active profile set, falling back to default profiles: default
2018-11-12 00:09:19.002  INFO 13924 --- [restartedMain] .e.DevToolsPropertyDefaultsPostProcessor : Devtools property defaults active! Set 'spring.devtools.add-properties' to 'false' to disable
2018-11-12 00:09:19.003  INFO 13924 --- [restartedMain] .e.DevToolsPropertyDefaultsPostProcessor : For additional web related logging consider setting the 'logging.level.web' property to 'DEBUG'
2018-11-12 00:09:22.881  INFO 13924 --- [restartedMain] o.s.b.w.embedded.tomcat.TomcatWebServer  : Tomcat initialized with port(s): 8080 (http)
2018-11-12 00:09:22.932  INFO 13924 --- [restartedMain] o.apache.catalina.core.StandardService   : Starting service [Tomcat]
2018-11-12 00:09:22.933  INFO 13924 --- [restartedMain] org.apache.catalina.core.StandardEngine  : Starting Servlet Engine: Apache Tomcat/9.0.12
2018-11-12 00:09:22.956  INFO 13924 --- [restartedMain] o.a.catalina.core.AprLifecycleListener   : The APR based Apache Tomcat Native library which allows optimal performance in production environments was not found on the java.library.path: [D:\java\java_1.8\bin;C:\Windows\Sun\Java\bin;C:\Windows\system32;C:\Windows;C:\Program Files (x86)\Intel\Intel(R) Management Engine Components\iCLS\;C:\Program Files\Intel\Intel(R) Management Engine Components\iCLS\;C:\Windows\system32;C:\Windows;C:\Windows\System32\Wbem;C:\Windows\System32\WindowsPowerShell\v1.0\;C:\Windows\System32\OpenSSH\;C:\Program Files (x86)\NVIDIA Corporation\PhysX\Common;C:\Program Files (x86)\Intel\Intel(R) Management Engine Components\DAL;C:\Program Files\Intel\Intel(R) Management Engine Components\DAL;C:\Program Files (x86)\Intel\Intel(R) Management Engine Components\IPT;C:\Program Files\Intel\Intel(R) Management Engine Components\IPT;C:\Program Files\Intel\WiFi\bin\;C:\Program Files\Common Files\Intel\WirelessCommon\;D:\java\java_1.8\bin;D:\java\java_1.8\jre\bin;D:\developmentTools\maven\apache-maven-3.6.0\bin;D:\programingLanguage\Go\go1.9.2.windows-amd64\go\bin;D:\workspace\GoWorkSpace;C:\Users\zekun007\AppData\Local\Microsoft\WindowsApps;;.]
2018-11-12 00:09:23.329  INFO 13924 --- [restartedMain] o.a.c.c.C.[Tomcat].[localhost].[/]       : Initializing Spring embedded WebApplicationContext
2018-11-12 00:09:23.330  INFO 13924 --- [restartedMain] o.s.web.context.ContextLoader            : Root WebApplicationContext: initialization completed in 4325 ms
2018-11-12 00:09:23.993  INFO 13924 --- [restartedMain] o.s.b.w.servlet.FilterRegistrationBean   : Mapping filter: 'characterEncodingFilter' to: [/*]
2018-11-12 00:09:23.994  INFO 13924 --- [restartedMain] o.s.b.w.servlet.FilterRegistrationBean   : Mapping filter: 'webMvcMetricsFilter' to: [/*]
2018-11-12 00:09:23.994  INFO 13924 --- [restartedMain] o.s.b.w.servlet.FilterRegistrationBean   : Mapping filter: 'hiddenHttpMethodFilter' to: [/*]
2018-11-12 00:09:23.995  INFO 13924 --- [restartedMain] o.s.b.w.servlet.FilterRegistrationBean   : Mapping filter: 'formContentFilter' to: [/*]
2018-11-12 00:09:23.995  INFO 13924 --- [restartedMain] o.s.b.w.servlet.FilterRegistrationBean   : Mapping filter: 'requestContextFilter' to: [/*]
2018-11-12 00:09:23.996  INFO 13924 --- [restartedMain] o.s.b.w.servlet.FilterRegistrationBean   : Mapping filter: 'httpTraceFilter' to: [/*]
2018-11-12 00:09:23.997  INFO 13924 --- [restartedMain] o.s.b.w.servlet.ServletRegistrationBean  : Servlet dispatcherServlet mapped to [/]
2018-11-12 00:09:24.358  INFO 13924 --- [restartedMain] o.s.s.concurrent.ThreadPoolTaskExecutor  : Initializing ExecutorService 'applicationTaskExecutor'
2018-11-12 00:09:24.642  INFO 13924 --- [restartedMain] o.s.b.a.w.s.WelcomePageHandlerMapping    : Adding welcome page template: index
2018-11-12 00:09:25.300  INFO 13924 --- [restartedMain] o.s.b.d.a.OptionalLiveReloadServer       : LiveReload server is running on port 35729
2018-11-12 00:09:25.321  INFO 13924 --- [restartedMain] o.s.b.a.e.web.EndpointLinksResolver      : Exposing 2 endpoint(s) beneath base path '/actuator'
2018-11-12 00:09:25.487  INFO 13924 --- [restartedMain] o.s.b.w.embedded.tomcat.TomcatWebServer  : Tomcat started on port(s): 8080 (http) with context path ''
2018-11-12 00:09:25.500  INFO 13924 --- [restartedMain] c.z.d.exceltools.ExceltoolsApplication   : Started ExceltoolsApplication in 7.815 seconds (JVM running for 9.297)
2018-11-12 00:09:33.331  INFO 13924 --- [http-nio-8080-exec-1] o.a.c.c.C.[Tomcat].[localhost].[/]       : Initializing Spring DispatcherServlet 'dispatcherServlet'
2018-11-12 00:09:33.332  INFO 13924 --- [http-nio-8080-exec-1] o.s.web.servlet.DispatcherServlet        : Initializing Servlet 'dispatcherServlet'
2018-11-12 00:09:33.349  INFO 13924 --- [http-nio-8080-exec-1] o.s.web.servlet.DispatcherServlet        : Completed initialization in 16 ms
2018-11-12 00:46:26.639  INFO 12896 --- [restartedMain] c.z.d.exceltools.ExceltoolsApplication   : Starting ExceltoolsApplication on DESKTOP-OF720BJ with PID 12896 (D:\devProject\exceltools\target\classes started by zekun007 in D:\workspace\workspace)
2018-11-12 00:46:26.658  INFO 12896 --- [restartedMain] c.z.d.exceltools.ExceltoolsApplication   : No active profile set, falling back to default profiles: default
2018-11-12 00:46:26.837  INFO 12896 --- [restartedMain] .e.DevToolsPropertyDefaultsPostProcessor : Devtools property defaults active! Set 'spring.devtools.add-properties' to 'false' to disable
2018-11-12 00:46:26.837  INFO 12896 --- [restartedMain] .e.DevToolsPropertyDefaultsPostProcessor : For additional web related logging consider setting the 'logging.level.web' property to 'DEBUG'
2018-11-12 00:46:31.376  INFO 12896 --- [restartedMain] o.s.b.w.embedded.tomcat.TomcatWebServer  : Tomcat initialized with port(s): 8080 (http)
2018-11-12 00:46:31.429  INFO 12896 --- [restartedMain] o.apache.catalina.core.StandardService   : Starting service [Tomcat]
2018-11-12 00:46:31.429  INFO 12896 --- [restartedMain] org.apache.catalina.core.StandardEngine  : Starting Servlet Engine: Apache Tomcat/9.0.12
2018-11-12 00:46:31.456  INFO 12896 --- [restartedMain] o.a.catalina.core.AprLifecycleListener   : The APR based Apache Tomcat Native library which allows optimal performance in production environments was not found on the java.library.path: [D:\java\java_1.8\bin;C:\Windows\Sun\Java\bin;C:\Windows\system32;C:\Windows;C:\Program Files (x86)\Intel\Intel(R) Management Engine Components\iCLS\;C:\Program Files\Intel\Intel(R) Management Engine Components\iCLS\;C:\Windows\system32;C:\Windows;C:\Windows\System32\Wbem;C:\Windows\System32\WindowsPowerShell\v1.0\;C:\Windows\System32\OpenSSH\;C:\Program Files (x86)\NVIDIA Corporation\PhysX\Common;C:\Program Files (x86)\Intel\Intel(R) Management Engine Components\DAL;C:\Program Files\Intel\Intel(R) Management Engine Components\DAL;C:\Program Files (x86)\Intel\Intel(R) Management Engine Components\IPT;C:\Program Files\Intel\Intel(R) Management Engine Components\IPT;C:\Program Files\Intel\WiFi\bin\;C:\Program Files\Common Files\Intel\WirelessCommon\;D:\java\java_1.8\bin;D:\java\java_1.8\jre\bin;D:\developmentTools\maven\apache-maven-3.6.0\bin;D:\programingLanguage\Go\go1.9.2.windows-amd64\go\bin;D:\workspace\GoWorkSpace;C:\Users\zekun007\AppData\Local\Microsoft\WindowsApps;;.]
2018-11-12 00:46:31.894  INFO 12896 --- [restartedMain] o.a.c.c.C.[Tomcat].[localhost].[/]       : Initializing Spring embedded WebApplicationContext
2018-11-12 00:46:31.894  INFO 12896 --- [restartedMain] o.s.web.context.ContextLoader            : Root WebApplicationContext: initialization completed in 5056 ms
2018-11-12 00:46:32.630  INFO 12896 --- [restartedMain] o.s.b.w.servlet.FilterRegistrationBean   : Mapping filter: 'characterEncodingFilter' to: [/*]
2018-11-12 00:46:32.631  INFO 12896 --- [restartedMain] o.s.b.w.servlet.FilterRegistrationBean   : Mapping filter: 'webMvcMetricsFilter' to: [/*]
2018-11-12 00:46:32.632  INFO 12896 --- [restartedMain] o.s.b.w.servlet.FilterRegistrationBean   : Mapping filter: 'hiddenHttpMethodFilter' to: [/*]
2018-11-12 00:46:32.632  INFO 12896 --- [restartedMain] o.s.b.w.servlet.FilterRegistrationBean   : Mapping filter: 'formContentFilter' to: [/*]
2018-11-12 00:46:32.632  INFO 12896 --- [restartedMain] o.s.b.w.servlet.FilterRegistrationBean   : Mapping filter: 'requestContextFilter' to: [/*]
2018-11-12 00:46:32.633  INFO 12896 --- [restartedMain] o.s.b.w.servlet.FilterRegistrationBean   : Mapping filter: 'httpTraceFilter' to: [/*]
2018-11-12 00:46:32.633  INFO 12896 --- [restartedMain] o.s.b.w.servlet.ServletRegistrationBean  : Servlet dispatcherServlet mapped to [/]
2018-11-12 00:46:33.047  INFO 12896 --- [restartedMain] o.s.s.concurrent.ThreadPoolTaskExecutor  : Initializing ExecutorService 'applicationTaskExecutor'
2018-11-12 00:46:33.350  INFO 12896 --- [restartedMain] o.s.b.a.w.s.WelcomePageHandlerMapping    : Adding welcome page template: index
2018-11-12 00:46:33.759  INFO 12896 --- [restartedMain] o.s.b.d.a.OptionalLiveReloadServer       : LiveReload server is running on port 35729
2018-11-12 00:46:33.877  INFO 12896 --- [restartedMain] o.s.b.a.e.web.EndpointLinksResolver      : Exposing 2 endpoint(s) beneath base path '/actuator'
2018-11-12 00:46:34.081  INFO 12896 --- [restartedMain] o.s.b.w.embedded.tomcat.TomcatWebServer  : Tomcat started on port(s): 8080 (http) with context path ''
2018-11-12 00:46:34.089  INFO 12896 --- [restartedMain] c.z.d.exceltools.ExceltoolsApplication   : Started ExceltoolsApplication in 8.458 seconds (JVM running for 10.008)
2018-11-12 00:46:39.757  INFO 12896 --- [http-nio-8080-exec-1] o.a.c.c.C.[Tomcat].[localhost].[/]       : Initializing Spring DispatcherServlet 'dispatcherServlet'
2018-11-12 00:46:39.757  INFO 12896 --- [http-nio-8080-exec-1] o.s.web.servlet.DispatcherServlet        : Initializing Servlet 'dispatcherServlet'
2018-11-12 00:46:39.775  INFO 12896 --- [http-nio-8080-exec-1] o.s.web.servlet.DispatcherServlet        : Completed initialization in 18 ms
2018-11-12 01:01:58.704  INFO 23296 --- [restartedMain] c.z.d.exceltools.ExceltoolsApplication   : Starting ExceltoolsApplication on DESKTOP-OF720BJ with PID 23296 (D:\devProject\exceltools\target\classes started by zekun007 in D:\workspace\workspace)
2018-11-12 01:01:58.711  INFO 23296 --- [restartedMain] c.z.d.exceltools.ExceltoolsApplication   : No active profile set, falling back to default profiles: default
2018-11-12 01:01:58.835  INFO 23296 --- [restartedMain] .e.DevToolsPropertyDefaultsPostProcessor : Devtools property defaults active! Set 'spring.devtools.add-properties' to 'false' to disable
2018-11-12 01:01:58.835  INFO 23296 --- [restartedMain] .e.DevToolsPropertyDefaultsPostProcessor : For additional web related logging consider setting the 'logging.level.web' property to 'DEBUG'
2018-11-12 01:02:02.717  INFO 23296 --- [restartedMain] o.s.b.w.embedded.tomcat.TomcatWebServer  : Tomcat initialized with port(s): 8080 (http)
2018-11-12 01:02:02.769  INFO 23296 --- [restartedMain] o.apache.catalina.core.StandardService   : Starting service [Tomcat]
2018-11-12 01:02:02.769  INFO 23296 --- [restartedMain] org.apache.catalina.core.StandardEngine  : Starting Servlet Engine: Apache Tomcat/9.0.12
2018-11-12 01:02:02.793  INFO 23296 --- [restartedMain] o.a.catalina.core.AprLifecycleListener   : The APR based Apache Tomcat Native library which allows optimal performance in production environments was not found on the java.library.path: [D:\java\java_1.8\bin;C:\Windows\Sun\Java\bin;C:\Windows\system32;C:\Windows;C:\Program Files (x86)\Intel\Intel(R) Management Engine Components\iCLS\;C:\Program Files\Intel\Intel(R) Management Engine Components\iCLS\;C:\Windows\system32;C:\Windows;C:\Windows\System32\Wbem;C:\Windows\System32\WindowsPowerShell\v1.0\;C:\Windows\System32\OpenSSH\;C:\Program Files (x86)\NVIDIA Corporation\PhysX\Common;C:\Program Files (x86)\Intel\Intel(R) Management Engine Components\DAL;C:\Program Files\Intel\Intel(R) Management Engine Components\DAL;C:\Program Files (x86)\Intel\Intel(R) Management Engine Components\IPT;C:\Program Files\Intel\Intel(R) Management Engine Components\IPT;C:\Program Files\Intel\WiFi\bin\;C:\Program Files\Common Files\Intel\WirelessCommon\;D:\java\java_1.8\bin;D:\java\java_1.8\jre\bin;D:\developmentTools\maven\apache-maven-3.6.0\bin;D:\programingLanguage\Go\go1.9.2.windows-amd64\go\bin;D:\workspace\GoWorkSpace;C:\Users\zekun007\AppData\Local\Microsoft\WindowsApps;;.]
2018-11-12 01:02:03.158  INFO 23296 --- [restartedMain] o.a.c.c.C.[Tomcat].[localhost].[/]       : Initializing Spring embedded WebApplicationContext
2018-11-12 01:02:03.159  INFO 23296 --- [restartedMain] o.s.web.context.ContextLoader            : Root WebApplicationContext: initialization completed in 4323 ms
2018-11-12 01:02:03.801  INFO 23296 --- [restartedMain] o.s.b.w.servlet.FilterRegistrationBean   : Mapping filter: 'characterEncodingFilter' to: [/*]
2018-11-12 01:02:03.802  INFO 23296 --- [restartedMain] o.s.b.w.servlet.FilterRegistrationBean   : Mapping filter: 'webMvcMetricsFilter' to: [/*]
2018-11-12 01:02:03.803  INFO 23296 --- [restartedMain] o.s.b.w.servlet.FilterRegistrationBean   : Mapping filter: 'hiddenHttpMethodFilter' to: [/*]
2018-11-12 01:02:03.803  INFO 23296 --- [restartedMain] o.s.b.w.servlet.FilterRegistrationBean   : Mapping filter: 'formContentFilter' to: [/*]
2018-11-12 01:02:03.803  INFO 23296 --- [restartedMain] o.s.b.w.servlet.FilterRegistrationBean   : Mapping filter: 'requestContextFilter' to: [/*]
2018-11-12 01:02:03.803  INFO 23296 --- [restartedMain] o.s.b.w.servlet.FilterRegistrationBean   : Mapping filter: 'httpTraceFilter' to: [/*]
2018-11-12 01:02:03.804  INFO 23296 --- [restartedMain] o.s.b.w.servlet.ServletRegistrationBean  : Servlet dispatcherServlet mapped to [/]
2018-11-12 01:02:04.164  INFO 23296 --- [restartedMain] o.s.s.concurrent.ThreadPoolTaskExecutor  : Initializing ExecutorService 'applicationTaskExecutor'
2018-11-12 01:02:04.528  INFO 23296 --- [restartedMain] o.s.b.a.w.s.WelcomePageHandlerMapping    : Adding welcome page template: index
2018-11-12 01:02:04.910  INFO 23296 --- [restartedMain] o.s.b.d.a.OptionalLiveReloadServer       : LiveReload server is running on port 35729
2018-11-12 01:02:04.924  INFO 23296 --- [restartedMain] o.s.b.a.e.web.EndpointLinksResolver      : Exposing 2 endpoint(s) beneath base path '/actuator'
2018-11-12 01:02:05.093  INFO 23296 --- [restartedMain] o.s.b.w.embedded.tomcat.TomcatWebServer  : Tomcat started on port(s): 8080 (http) with context path ''
2018-11-12 01:02:05.101  INFO 23296 --- [restartedMain] c.z.d.exceltools.ExceltoolsApplication   : Started ExceltoolsApplication in 7.329 seconds (JVM running for 8.867)
2018-11-12 01:02:18.684  INFO 23296 --- [http-nio-8080-exec-1] o.a.c.c.C.[Tomcat].[localhost].[/]       : Initializing Spring DispatcherServlet 'dispatcherServlet'
2018-11-12 01:02:18.686  INFO 23296 --- [http-nio-8080-exec-1] o.s.web.servlet.DispatcherServlet        : Initializing Servlet 'dispatcherServlet'
2018-11-12 01:02:18.703  INFO 23296 --- [http-nio-8080-exec-1] o.s.web.servlet.DispatcherServlet        : Completed initialization in 16 ms
2018-11-12 01:05:19.402  INFO 9112 --- [restartedMain] c.z.d.exceltools.ExceltoolsApplication   : Starting ExceltoolsApplication on DESKTOP-OF720BJ with PID 9112 (D:\devProject\exceltools\target\classes started by zekun007 in D:\workspace\workspace)
2018-11-12 01:05:19.411  INFO 9112 --- [restartedMain] c.z.d.exceltools.ExceltoolsApplication   : No active profile set, falling back to default profiles: default
2018-11-12 01:05:19.566  INFO 9112 --- [restartedMain] .e.DevToolsPropertyDefaultsPostProcessor : Devtools property defaults active! Set 'spring.devtools.add-properties' to 'false' to disable
2018-11-12 01:05:19.567  INFO 9112 --- [restartedMain] .e.DevToolsPropertyDefaultsPostProcessor : For additional web related logging consider setting the 'logging.level.web' property to 'DEBUG'
2018-11-12 01:05:23.863  INFO 9112 --- [restartedMain] o.s.b.w.embedded.tomcat.TomcatWebServer  : Tomcat initialized with port(s): 8080 (http)
2018-11-12 01:05:23.905  INFO 9112 --- [restartedMain] o.apache.catalina.core.StandardService   : Starting service [Tomcat]
2018-11-12 01:05:23.905  INFO 9112 --- [restartedMain] org.apache.catalina.core.StandardEngine  : Starting Servlet Engine: Apache Tomcat/9.0.12
2018-11-12 01:05:23.927  INFO 9112 --- [restartedMain] o.a.catalina.core.AprLifecycleListener   : The APR based Apache Tomcat Native library which allows optimal performance in production environments was not found on the java.library.path: [D:\java\java_1.8\bin;C:\Windows\Sun\Java\bin;C:\Windows\system32;C:\Windows;C:\Program Files (x86)\Intel\Intel(R) Management Engine Components\iCLS\;C:\Program Files\Intel\Intel(R) Management Engine Components\iCLS\;C:\Windows\system32;C:\Windows;C:\Windows\System32\Wbem;C:\Windows\System32\WindowsPowerShell\v1.0\;C:\Windows\System32\OpenSSH\;C:\Program Files (x86)\NVIDIA Corporation\PhysX\Common;C:\Program Files (x86)\Intel\Intel(R) Management Engine Components\DAL;C:\Program Files\Intel\Intel(R) Management Engine Components\DAL;C:\Program Files (x86)\Intel\Intel(R) Management Engine Components\IPT;C:\Program Files\Intel\Intel(R) Management Engine Components\IPT;C:\Program Files\Intel\WiFi\bin\;C:\Program Files\Common Files\Intel\WirelessCommon\;D:\java\java_1.8\bin;D:\java\java_1.8\jre\bin;D:\developmentTools\maven\apache-maven-3.6.0\bin;D:\programingLanguage\Go\go1.9.2.windows-amd64\go\bin;D:\workspace\GoWorkSpace;C:\Users\zekun007\AppData\Local\Microsoft\WindowsApps;;.]
2018-11-12 01:05:24.333  INFO 9112 --- [restartedMain] o.a.c.c.C.[Tomcat].[localhost].[/]       : Initializing Spring embedded WebApplicationContext
2018-11-12 01:05:24.334  INFO 9112 --- [restartedMain] o.s.web.context.ContextLoader            : Root WebApplicationContext: initialization completed in 4767 ms
2018-11-12 01:05:25.070  INFO 9112 --- [restartedMain] o.s.b.w.servlet.FilterRegistrationBean   : Mapping filter: 'characterEncodingFilter' to: [/*]
2018-11-12 01:05:25.071  INFO 9112 --- [restartedMain] o.s.b.w.servlet.FilterRegistrationBean   : Mapping filter: 'webMvcMetricsFilter' to: [/*]
2018-11-12 01:05:25.072  INFO 9112 --- [restartedMain] o.s.b.w.servlet.FilterRegistrationBean   : Mapping filter: 'hiddenHttpMethodFilter' to: [/*]
2018-11-12 01:05:25.072  INFO 9112 --- [restartedMain] o.s.b.w.servlet.FilterRegistrationBean   : Mapping filter: 'formContentFilter' to: [/*]
2018-11-12 01:05:25.072  INFO 9112 --- [restartedMain] o.s.b.w.servlet.FilterRegistrationBean   : Mapping filter: 'requestContextFilter' to: [/*]
2018-11-12 01:05:25.072  INFO 9112 --- [restartedMain] o.s.b.w.servlet.FilterRegistrationBean   : Mapping filter: 'httpTraceFilter' to: [/*]
2018-11-12 01:05:25.073  INFO 9112 --- [restartedMain] o.s.b.w.servlet.ServletRegistrationBean  : Servlet dispatcherServlet mapped to [/]
2018-11-12 01:05:25.471  INFO 9112 --- [restartedMain] o.s.s.concurrent.ThreadPoolTaskExecutor  : Initializing ExecutorService 'applicationTaskExecutor'
2018-11-12 01:05:25.808  INFO 9112 --- [restartedMain] o.s.b.a.w.s.WelcomePageHandlerMapping    : Adding welcome page template: index
2018-11-12 01:05:26.247  INFO 9112 --- [restartedMain] o.s.b.d.a.OptionalLiveReloadServer       : LiveReload server is running on port 35729
2018-11-12 01:05:26.270  INFO 9112 --- [restartedMain] o.s.b.a.e.web.EndpointLinksResolver      : Exposing 2 endpoint(s) beneath base path '/actuator'
2018-11-12 01:05:26.472  INFO 9112 --- [restartedMain] o.s.b.w.embedded.tomcat.TomcatWebServer  : Tomcat started on port(s): 8080 (http) with context path ''
2018-11-12 01:05:26.482  INFO 9112 --- [restartedMain] c.z.d.exceltools.ExceltoolsApplication   : Started ExceltoolsApplication in 8.068 seconds (JVM running for 9.597)
2018-11-12 01:05:43.691  INFO 9112 --- [http-nio-8080-exec-2] o.a.c.c.C.[Tomcat].[localhost].[/]       : Initializing Spring DispatcherServlet 'dispatcherServlet'
2018-11-12 01:05:43.691  INFO 9112 --- [http-nio-8080-exec-2] o.s.web.servlet.DispatcherServlet        : Initializing Servlet 'dispatcherServlet'
2018-11-12 01:05:43.708  INFO 9112 --- [http-nio-8080-exec-2] o.s.web.servlet.DispatcherServlet        : Completed initialization in 17 ms
2018-11-12 01:06:39.071  INFO 15608 --- [restartedMain] c.z.d.exceltools.ExceltoolsApplication   : Starting ExceltoolsApplication on DESKTOP-OF720BJ with PID 15608 (D:\devProject\exceltools\target\classes started by zekun007 in D:\workspace\workspace)
2018-11-12 01:06:39.079  INFO 15608 --- [restartedMain] c.z.d.exceltools.ExceltoolsApplication   : No active profile set, falling back to default profiles: default
2018-11-12 01:06:39.204  INFO 15608 --- [restartedMain] .e.DevToolsPropertyDefaultsPostProcessor : Devtools property defaults active! Set 'spring.devtools.add-properties' to 'false' to disable
2018-11-12 01:06:39.205  INFO 15608 --- [restartedMain] .e.DevToolsPropertyDefaultsPostProcessor : For additional web related logging consider setting the 'logging.level.web' property to 'DEBUG'
2018-11-12 01:06:43.141  INFO 15608 --- [restartedMain] o.s.b.w.embedded.tomcat.TomcatWebServer  : Tomcat initialized with port(s): 8080 (http)
2018-11-12 01:06:43.189  INFO 15608 --- [restartedMain] o.apache.catalina.core.StandardService   : Starting service [Tomcat]
2018-11-12 01:06:43.189  INFO 15608 --- [restartedMain] org.apache.catalina.core.StandardEngine  : Starting Servlet Engine: Apache Tomcat/9.0.12
2018-11-12 01:06:43.211  INFO 15608 --- [restartedMain] o.a.catalina.core.AprLifecycleListener   : The APR based Apache Tomcat Native library which allows optimal performance in production environments was not found on the java.library.path: [D:\java\java_1.8\bin;C:\Windows\Sun\Java\bin;C:\Windows\system32;C:\Windows;C:\Program Files (x86)\Intel\Intel(R) Management Engine Components\iCLS\;C:\Program Files\Intel\Intel(R) Management Engine Components\iCLS\;C:\Windows\system32;C:\Windows;C:\Windows\System32\Wbem;C:\Windows\System32\WindowsPowerShell\v1.0\;C:\Windows\System32\OpenSSH\;C:\Program Files (x86)\NVIDIA Corporation\PhysX\Common;C:\Program Files (x86)\Intel\Intel(R) Management Engine Components\DAL;C:\Program Files\Intel\Intel(R) Management Engine Components\DAL;C:\Program Files (x86)\Intel\Intel(R) Management Engine Components\IPT;C:\Program Files\Intel\Intel(R) Management Engine Components\IPT;C:\Program Files\Intel\WiFi\bin\;C:\Program Files\Common Files\Intel\WirelessCommon\;D:\java\java_1.8\bin;D:\java\java_1.8\jre\bin;D:\developmentTools\maven\apache-maven-3.6.0\bin;D:\programingLanguage\Go\go1.9.2.windows-amd64\go\bin;D:\workspace\GoWorkSpace;C:\Users\zekun007\AppData\Local\Microsoft\WindowsApps;;.]
2018-11-12 01:06:43.580  INFO 15608 --- [restartedMain] o.a.c.c.C.[Tomcat].[localhost].[/]       : Initializing Spring embedded WebApplicationContext
2018-11-12 01:06:43.581  INFO 15608 --- [restartedMain] o.s.web.context.ContextLoader            : Root WebApplicationContext: initialization completed in 4375 ms
2018-11-12 01:06:44.178  INFO 15608 --- [restartedMain] o.s.b.w.servlet.FilterRegistrationBean   : Mapping filter: 'characterEncodingFilter' to: [/*]
2018-11-12 01:06:44.180  INFO 15608 --- [restartedMain] o.s.b.w.servlet.FilterRegistrationBean   : Mapping filter: 'webMvcMetricsFilter' to: [/*]
2018-11-12 01:06:44.181  INFO 15608 --- [restartedMain] o.s.b.w.servlet.FilterRegistrationBean   : Mapping filter: 'hiddenHttpMethodFilter' to: [/*]
2018-11-12 01:06:44.181  INFO 15608 --- [restartedMain] o.s.b.w.servlet.FilterRegistrationBean   : Mapping filter: 'formContentFilter' to: [/*]
2018-11-12 01:06:44.181  INFO 15608 --- [restartedMain] o.s.b.w.servlet.FilterRegistrationBean   : Mapping filter: 'requestContextFilter' to: [/*]
2018-11-12 01:06:44.181  INFO 15608 --- [restartedMain] o.s.b.w.servlet.FilterRegistrationBean   : Mapping filter: 'httpTraceFilter' to: [/*]
2018-11-12 01:06:44.182  INFO 15608 --- [restartedMain] o.s.b.w.servlet.ServletRegistrationBean  : Servlet dispatcherServlet mapped to [/]
2018-11-12 01:06:44.543  INFO 15608 --- [restartedMain] o.s.s.concurrent.ThreadPoolTaskExecutor  : Initializing ExecutorService 'applicationTaskExecutor'
2018-11-12 01:06:44.841  INFO 15608 --- [restartedMain] o.s.b.a.w.s.WelcomePageHandlerMapping    : Adding welcome page template: index
2018-11-12 01:06:45.190  INFO 15608 --- [restartedMain] o.s.b.d.a.OptionalLiveReloadServer       : LiveReload server is running on port 35729
2018-11-12 01:06:45.206  INFO 15608 --- [restartedMain] o.s.b.a.e.web.EndpointLinksResolver      : Exposing 2 endpoint(s) beneath base path '/actuator'
2018-11-12 01:06:45.364  INFO 15608 --- [restartedMain] o.s.b.w.embedded.tomcat.TomcatWebServer  : Tomcat started on port(s): 8080 (http) with context path ''
2018-11-12 01:06:45.374  INFO 15608 --- [restartedMain] c.z.d.exceltools.ExceltoolsApplication   : Started ExceltoolsApplication in 7.328 seconds (JVM running for 8.847)
2018-11-12 01:07:03.797  INFO 15608 --- [http-nio-8080-exec-2] o.a.c.c.C.[Tomcat].[localhost].[/]       : Initializing Spring DispatcherServlet 'dispatcherServlet'
2018-11-12 01:07:03.797  INFO 15608 --- [http-nio-8080-exec-2] o.s.web.servlet.DispatcherServlet        : Initializing Servlet 'dispatcherServlet'
2018-11-12 01:07:03.813  INFO 15608 --- [http-nio-8080-exec-2] o.s.web.servlet.DispatcherServlet        : Completed initialization in 16 ms
